2020-10-21 16:01:13,462  INFO [main] devpinoyLogger:36 - **************Browser Launched !!!*****************
2020-10-21 16:01:22,230  INFO [main] devpinoyLogger:46 - the expected msg is Your message was sent.
2020-10-21 16:01:22,753  INFO [main] devpinoyLogger:49 - the actual msg is Your message was sent.
2020-10-21 16:01:22,760  INFO [main] devpinoyLogger:51 - **************successfully submitted the contact_us_support form*******************
2020-10-21 16:01:22,841 DEBUG [main] cache:45 - Couldn't find template in cache for "Extent.ftl"("en_US", UTF-8, parsed); will try to load it.
2020-10-21 16:01:22,844 DEBUG [main] cache:45 - TemplateLoader.findTemplateSource("Extent_en_US.ftl"): Not found
2020-10-21 16:01:22,850 DEBUG [main] cache:45 - TemplateLoader.findTemplateSource("Extent_en.ftl"): Not found
2020-10-21 16:01:22,853 DEBUG [main] cache:45 - TemplateLoader.findTemplateSource("Extent.ftl"): Found
2020-10-21 16:01:22,855 DEBUG [main] cache:45 - Loading template for "Extent.ftl"("en_US", UTF-8, parsed) from "jar:file:/C:/Users/user/.m2/repository/com/relevantcodes/extentreports/2.41.1/extentreports-2.41.1.jar!/com/relevantcodes/extentreports/view/Extent.ftl"
2020-10-21 16:01:28,575  INFO [main] devpinoyLogger:36 - **************Browser Launched !!!*****************
2020-10-21 16:01:38,033  INFO [main] devpinoyLogger:46 - the expected msg is Your message was sent.
2020-10-21 16:01:53,408  INFO [main] devpinoyLogger:106 - The Number of error messages displayed are :1
2020-10-21 16:01:53,531  INFO [main] devpinoyLogger:116 - The contact_us_support form is not submitted correctly and error message is  The first name field is required
2020-10-21 16:01:53,662  INFO [main] devpinoyLogger:57 - ********successfully validated  error messages************
2020-10-21 16:01:53,670 DEBUG [main] cache:45 - Couldn't find template in cache for "Extent.ftl"("en_US", UTF-8, parsed); will try to load it.
2020-10-21 16:01:53,671 DEBUG [main] cache:45 - TemplateLoader.findTemplateSource("Extent_en_US.ftl"): Not found
2020-10-21 16:01:53,675 DEBUG [main] cache:45 - TemplateLoader.findTemplateSource("Extent_en.ftl"): Not found
2020-10-21 16:01:53,676 DEBUG [main] cache:45 - TemplateLoader.findTemplateSource("Extent.ftl"): Found
2020-10-21 16:01:53,677 DEBUG [main] cache:45 - Loading template for "Extent.ftl"("en_US", UTF-8, parsed) from "jar:file:/C:/Users/user/.m2/repository/com/relevantcodes/extentreports/2.41.1/extentreports-2.41.1.jar!/com/relevantcodes/extentreports/view/Extent.ftl"
2020-10-21 16:01:56,618  INFO [main] devpinoyLogger:36 - **************Browser Launched !!!*****************
2020-10-21 16:02:06,352  INFO [main] devpinoyLogger:46 - the expected msg is Your message was sent.
2020-10-21 16:02:21,706  INFO [main] devpinoyLogger:106 - The Number of error messages displayed are :6
2020-10-21 16:02:21,803  INFO [main] devpinoyLogger:116 - The contact_us_support form is not submitted correctly and error message is  The first name field is required
2020-10-21 16:02:22,054  INFO [main] devpinoyLogger:116 - The contact_us_support form is not submitted correctly and error message is  The last name field is required
2020-10-21 16:02:22,316  INFO [main] devpinoyLogger:116 - The contact_us_support form is not submitted correctly and error message is  The work email field is required
2020-10-21 16:02:22,567  INFO [main] devpinoyLogger:116 - The contact_us_support form is not submitted correctly and error message is  Please select a province
2020-10-21 16:02:22,820  INFO [main] devpinoyLogger:116 - The contact_us_support form is not submitted correctly and error message is  The city field is required
2020-10-21 16:02:23,074  INFO [main] devpinoyLogger:116 - The contact_us_support form is not submitted correctly and error message is  Please tell us a bit about your inquiry
2020-10-21 16:02:23,075  INFO [main] devpinoyLogger:57 - ********successfully validated  error messages************
2020-10-21 16:02:23,079 DEBUG [main] cache:45 - Couldn't find template in cache for "Extent.ftl"("en_US", UTF-8, parsed); will try to load it.
2020-10-21 16:02:23,082 DEBUG [main] cache:45 - TemplateLoader.findTemplateSource("Extent_en_US.ftl"): Not found
2020-10-21 16:02:23,084 DEBUG [main] cache:45 - TemplateLoader.findTemplateSource("Extent_en.ftl"): Not found
2020-10-21 16:02:23,085 DEBUG [main] cache:45 - TemplateLoader.findTemplateSource("Extent.ftl"): Found
2020-10-21 16:02:23,086 DEBUG [main] cache:45 - Loading template for "Extent.ftl"("en_US", UTF-8, parsed) from "jar:file:/C:/Users/user/.m2/repository/com/relevantcodes/extentreports/2.41.1/extentreports-2.41.1.jar!/com/relevantcodes/extentreports/view/Extent.ftl"
2020-10-21 16:02:28,084  INFO [main] devpinoyLogger:36 - **************Browser Launched !!!*****************
2020-10-21 16:02:34,637  INFO [main] devpinoyLogger:66 - **********The url is valid**********
2020-10-21 16:02:34,713  INFO [main] devpinoyLogger:70 - ********The title is valid***********
2020-10-21 16:02:34,725 DEBUG [main] cache:45 - Couldn't find template in cache for "Extent.ftl"("en_US", UTF-8, parsed); will try to load it.
2020-10-21 16:02:34,727 DEBUG [main] cache:45 - TemplateLoader.findTemplateSource("Extent_en_US.ftl"): Not found
2020-10-21 16:02:34,729 DEBUG [main] cache:45 - TemplateLoader.findTemplateSource("Extent_en.ftl"): Not found
2020-10-21 16:02:34,732 DEBUG [main] cache:45 - TemplateLoader.findTemplateSource("Extent.ftl"): Found
2020-10-21 16:02:34,733 DEBUG [main] cache:45 - Loading template for "Extent.ftl"("en_US", UTF-8, parsed) from "jar:file:/C:/Users/user/.m2/repository/com/relevantcodes/extentreports/2.41.1/extentreports-2.41.1.jar!/com/relevantcodes/extentreports/view/Extent.ftl"
